<?xml version="1.0" encoding="UTF-8"?>
<!-- Generated by org.testng.reporters.JUnitReportReporter -->
<testsuite hostname="LAPTOP-VU3PB39N" failures="0" tests="1" name="rahulshettyacedemy.ExtendReport.ExtendReportDemo" time="10.920" errors="0" timestamp="2024-09-11T22:43:40 IST" skipped="0">
  <testcase classname="rahulshettyacedemy.ExtendReport.ExtendReportDemo" name="intialDemo" time="10.920"/>
</testsuite> <!-- rahulshettyacedemy.ExtendReport.ExtendReportDemo -->
